[debug] [2018-09-18T02:55:31.735Z] ----------------------------------------------------------------------
[debug] [2018-09-18T02:55:31.737Z] Command:       C:\Program Files\nodejs\node.exe C:\Users\nranj\AppData\Roaming\npm\node_modules\firebase-tools\bin\firebase deploy --project one-time-password-49c4c
[debug] [2018-09-18T02:55:31.737Z] CLI Version:   4.2.1
[debug] [2018-09-18T02:55:31.738Z] Platform:      win32
[debug] [2018-09-18T02:55:31.738Z] Node Version:  v10.9.0
[debug] [2018-09-18T02:55:31.739Z] Time:          Tue Sep 18 2018 08:25:31 GMT+0530 (India Standard Time)
[debug] [2018-09-18T02:55:31.739Z] ----------------------------------------------------------------------
[debug] 
[debug] [2018-09-18T02:55:31.750Z] > command requires scopes: ["email","openid","https://www.googleapis.com/auth/cloudplatformprojects.readonly","https://www.googleapis.com/auth/firebase","https://www.googleapis.com/auth/cloud-platform"]
[debug] [2018-09-18T02:55:31.751Z] > authorizing via signed-in user
[debug] [2018-09-18T02:55:31.753Z] >>> HTTP REQUEST GET https://admin.firebase.com/v1/projects/one-time-password-49c4c  
 
[debug] [2018-09-18T02:55:32.971Z] <<< HTTP RESPONSE 200
[info] 
[info] === Deploying to 'one-time-password-49c4c'...
[info] 
[info] i  deploying functions
[info] Running command: npm --prefix " %RESOURCE_DIR%" run lint
[info] +  functions: Finished running predeploy script.
[debug] [2018-09-18T02:55:38.371Z] > [functions] package.json contents: {
  "name": "functions",
  "description": "Cloud Functions for Firebase",
  "scripts": {
    "lint": "eslint .",
    "serve": "firebase serve --only functions",
    "shell": "firebase functions:shell",
    "start": "npm run shell",
    "deploy": "firebase deploy --only functions",
    "logs": "firebase functions:log"
  },
  "dependencies": {
    "firebase-admin": "~6.0.0",
    "firebase-functions": "^2.0.3"
  },
  "devDependencies": {
    "eslint": "^4.12.0",
    "eslint-plugin-promise": "^3.6.0"
  },
  "private": true
}
[info] i  functions: ensuring necessary APIs are enabled...
[debug] [2018-09-18T02:55:38.372Z] >>> HTTP REQUEST GET https://servicemanagement.googleapis.com/v1/services/cloudfunctions.googleapis.com/projectSettings/one-time-password-49c4c?view=CONSUMER_VIEW  
 
[debug] [2018-09-18T02:55:38.373Z] >>> HTTP REQUEST GET https://servicemanagement.googleapis.com/v1/services/runtimeconfig.googleapis.com/projectSettings/one-time-password-49c4c?view=CONSUMER_VIEW  
 
[debug] [2018-09-18T02:55:41.517Z] <<< HTTP RESPONSE 200
[debug] [2018-09-18T02:55:41.630Z] <<< HTTP RESPONSE 200
[info] +  functions: all necessary APIs are enabled
[debug] [2018-09-18T02:55:41.631Z] >>> HTTP REQUEST GET https://cloudresourcemanager.googleapis.com/v1/projects/one-time-password-49c4c  
 
[debug] [2018-09-18T02:55:43.189Z] <<< HTTP RESPONSE 200
[debug] [2018-09-18T02:55:43.190Z] >>> HTTP REQUEST GET https://mobilesdk-pa.googleapis.com/v1/projects/158934033402:getServerAppConfig  
 
[debug] [2018-09-18T02:55:43.784Z] <<< HTTP RESPONSE 200
[info] i  functions: preparing functions directory for uploading...
[debug] [2018-09-18T02:55:43.787Z] >>> HTTP REQUEST GET https://runtimeconfig.googleapis.com/v1beta1/projects/one-time-password-49c4c/configs  
 
[debug] [2018-09-18T02:55:45.304Z] <<< HTTP RESPONSE 200
[info] i  functions: packaged functions (51.75 KB) for uploading
[debug] [2018-09-18T02:55:46.116Z] >>> HTTP REQUEST POST https://cloudfunctions.googleapis.com/v1/projects/one-time-password-49c4c/locations/us-central1/functions:generateUploadUrl  
 
